app/build/intermediates/manifest_merge_blame_file/debug/processDebugMainManifest/manifest-merger-blame-debug-report.txt
1<?xml version="1.0" encoding="utf-8"?>
2<manifest xmlns:android="http://schemas.android.com/apk/res/android"
3    package="com.example.wifiinformationtool"
4    android:versionCode="1"
5    android:versionName="1.0" >
6
7    <uses-sdk
8        android:minSdkVersion="24"
9        android:targetSdkVersion="35" />
10
11    <uses-permission android:name="android.permission.INTERNET" />
11-->src\main\AndroidManifest.xml:5:5-67
11-->src\main\AndroidManifest.xml:5:22-64
12    <uses-permission android:name="android.permission.ACCESS_WIFI_STATE" />
12-->src\main\AndroidManifest.xml:6:5-76
12-->src\main\AndroidManifest.xml:6:22-73
13    <uses-permission android:name="android.permission.CHANGE_WIFI_STATE" />
13-->src\main\AndroidManifest.xml:7:5-76
13-->src\main\AndroidManifest.xml:7:22-73
14    <uses-permission android:name="android.permission.ACCESS_NETWORK_STATE" />
14-->src\main\AndroidManifest.xml:8:5-79
14-->src\main\AndroidManifest.xml:8:22-76
15    <uses-permission android:name="android.permission.ACCESS_FINE_LOCATION" />
15-->src\main\AndroidManifest.xml:9:5-79
15-->src\main\AndroidManifest.xml:9:22-76
16    <uses-permission android:name="android.permission.ACCESS_COARSE_LOCATION" />
16-->src\main\AndroidManifest.xml:10:5-81
16-->src\main\AndroidManifest.xml:10:22-78
17    <uses-permission android:name="android.permission.ACCESS_BACKGROUND_LOCATION" />
17-->src\main\AndroidManifest.xml:11:5-85
17-->src\main\AndroidManifest.xml:11:22-82
18    <uses-permission android:name="android.permission.MANAGE_EXTERNAL_STORAGE" />
18-->src\main\AndroidManifest.xml:12:5-14:40
18-->src\main\AndroidManifest.xml:13:9-66
19    <uses-permission android:name="android.permission.WRITE_EXTERNAL_STORAGE" />
19-->src\main\AndroidManifest.xml:15:5-81
19-->src\main\AndroidManifest.xml:15:22-78
20    <uses-permission android:name="android.permission.READ_EXTERNAL_STORAGE" />
20-->src\main\AndroidManifest.xml:16:5-80
20-->src\main\AndroidManifest.xml:16:22-77
21    <uses-permission
21-->src\main\AndroidManifest.xml:17:5-20:32
22        android:name="android.permission.BLUETOOTH_SCAN"
22-->src\main\AndroidManifest.xml:18:9-57
23        android:usesPermissionFlags="neverForLocation" />
23-->src\main\AndroidManifest.xml:19:9-55
24    <uses-permission android:name="android.permission.BLUETOOTH_ADMIN" />
24-->src\main\AndroidManifest.xml:21:5-74
24-->src\main\AndroidManifest.xml:21:22-71
25    <uses-permission android:name="android.permission.BLUETOOTH" />
25-->src\main\AndroidManifest.xml:22:5-68
25-->src\main\AndroidManifest.xml:22:22-65
26
27    <permission
27-->[androidx.core:core:1.13.0] AndroidManifest.xml:22:5-24:47
28        android:name="com.example.wifiinformationtool.DYNAMIC_RECEIVER_NOT_EXPORTED_PERMISSION"
28-->[androidx.core:core:1.13.0] AndroidManifest.xml:23:9-81
29        android:protectionLevel="signature" />
29-->[androidx.core:core:1.13.0] AndroidManifest.xml:24:9-44
30
31    <uses-permission android:name="com.example.wifiinformationtool.DYNAMIC_RECEIVER_NOT_EXPORTED_PERMISSION" />
31-->[androidx.core:core:1.13.0] AndroidManifest.xml:26:5-97
31-->[androidx.core:core:1.13.0] AndroidManifest.xml:26:22-94
32
33    <application
33-->src\main\AndroidManifest.xml:25:5-56:19
34        android:allowBackup="true"
34-->src\main\AndroidManifest.xml:26:9-35
35        android:appComponentFactory="androidx.core.app.CoreComponentFactory"
35-->[androidx.core:core:1.13.0] AndroidManifest.xml:28:18-86
36        android:dataExtractionRules="@xml/data_extraction_rules"
36-->src\main\AndroidManifest.xml:27:9-65
37        android:debuggable="true"
38        android:extractNativeLibs="false"
39        android:fullBackupContent="@xml/backup_rules"
39-->src\main\AndroidManifest.xml:28:9-54
40        android:icon="@mipmap/ic_launcher"
40-->src\main\AndroidManifest.xml:29:9-43
41        android:label="@string/app_name"
41-->src\main\AndroidManifest.xml:30:9-41
42        android:roundIcon="@mipmap/ic_launcher_round"
42-->src\main\AndroidManifest.xml:31:9-54
43        android:supportsRtl="true"
43-->src\main\AndroidManifest.xml:32:9-35
44        android:testOnly="true"
45        android:theme="@style/Theme.WIFIInformationTool" >
45-->src\main\AndroidManifest.xml:33:9-57
46        <activity
46-->src\main\AndroidManifest.xml:35:9-43:20
47            android:name="com.example.wifiinformationtool.MainActivity"
47-->src\main\AndroidManifest.xml:36:13-41
48            android:exported="true" >
48-->src\main\AndroidManifest.xml:37:13-36
49            <intent-filter>
49-->src\main\AndroidManifest.xml:38:13-42:29
50                <action android:name="android.intent.action.MAIN" />
50-->src\main\AndroidManifest.xml:39:17-69
50-->src\main\AndroidManifest.xml:39:25-66
51
52                <category android:name="android.intent.category.LAUNCHER" />
52-->src\main\AndroidManifest.xml:41:17-77
52-->src\main\AndroidManifest.xml:41:27-74
53            </intent-filter>
54        </activity>
55        <activity
55-->src\main\AndroidManifest.xml:44:9-46:39
56            android:name="com.example.wifiinformationtool.NetworkDevicesActivity"
56-->src\main\AndroidManifest.xml:45:13-51
57            android:exported="true" />
57-->src\main\AndroidManifest.xml:46:13-36
58        <activity
58-->src\main\AndroidManifest.xml:47:9-49:39
59            android:name="com.example.wifiinformationtool.CommunicationsActivity"
59-->src\main\AndroidManifest.xml:48:13-51
60            android:exported="true" />
60-->src\main\AndroidManifest.xml:49:13-36
61        <activity
61-->src\main\AndroidManifest.xml:50:9-52:39
62            android:name="com.example.wifiinformationtool.WifiDetailsActivity"
62-->src\main\AndroidManifest.xml:51:13-48
63            android:exported="true" />
63-->src\main\AndroidManifest.xml:52:13-36
64        <activity
64-->src\main\AndroidManifest.xml:53:9-55:39
65            android:name="com.example.wifiinformationtool.SpeedTestActivity"
65-->src\main\AndroidManifest.xml:54:13-46
66            android:exported="true" />
66-->src\main\AndroidManifest.xml:55:13-36
67
68        <service
68-->[androidx.room:room-runtime:2.6.1] AndroidManifest.xml:24:9-28:63
69            android:name="androidx.room.MultiInstanceInvalidationService"
69-->[androidx.room:room-runtime:2.6.1] AndroidManifest.xml:25:13-74
70            android:directBootAware="true"
70-->[androidx.room:room-runtime:2.6.1] AndroidManifest.xml:26:13-43
71            android:exported="false" />
71-->[androidx.room:room-runtime:2.6.1] AndroidManifest.xml:27:13-37
72
73        <provider
73-->[androidx.emoji2:emoji2:1.2.0] AndroidManifest.xml:24:9-32:20
74            android:name="androidx.startup.InitializationProvider"
74-->[androidx.emoji2:emoji2:1.2.0] AndroidManifest.xml:25:13-67
75            android:authorities="com.example.wifiinformationtool.androidx-startup"
75-->[androidx.emoji2:emoji2:1.2.0] AndroidManifest.xml:26:13-68
76            android:exported="false" >
76-->[androidx.emoji2:emoji2:1.2.0] AndroidManifest.xml:27:13-37
77            <meta-data
77-->[androidx.emoji2:emoji2:1.2.0] AndroidManifest.xml:29:13-31:52
78                android:name="androidx.emoji2.text.EmojiCompatInitializer"
78-->[androidx.emoji2:emoji2:1.2.0] AndroidManifest.xml:30:17-75
79                android:value="androidx.startup" />
79-->[androidx.emoji2:emoji2:1.2.0] AndroidManifest.xml:31:17-49
80            <meta-data
80-->[androidx.lifecycle:lifecycle-process:2.6.2] AndroidManifest.xml:29:13-31:52
81                android:name="androidx.lifecycle.ProcessLifecycleInitializer"
81-->[androidx.lifecycle:lifecycle-process:2.6.2] AndroidManifest.xml:30:17-78
82                android:value="androidx.startup" />
82-->[androidx.lifecycle:lifecycle-process:2.6.2] AndroidManifest.xml:31:17-49
83            <meta-data
83-->[androidx.profileinstaller:profileinstaller:1.3.1] AndroidManifest.xml:29:13-31:52
84                android:name="androidx.profileinstaller.ProfileInstallerInitializer"
84-->[androidx.profileinstaller:profileinstaller:1.3.1] AndroidManifest.xml:30:17-85
85                android:value="androidx.startup" />
85-->[androidx.profileinstaller:profileinstaller:1.3.1] AndroidManifest.xml:31:17-49
86        </provider>
87
88        <receiver
88-->[androidx.profileinstaller:profileinstaller:1.3.1] AndroidManifest.xml:34:9-52:20
89            android:name="androidx.profileinstaller.ProfileInstallReceiver"
89-->[androidx.profileinstaller:profileinstaller:1.3.1] AndroidManifest.xml:35:13-76
90            android:directBootAware="false"
90-->[androidx.profileinstaller:profileinstaller:1.3.1] AndroidManifest.xml:36:13-44
91            android:enabled="true"
91-->[androidx.profileinstaller:profileinstaller:1.3.1] AndroidManifest.xml:37:13-35
92            android:exported="true"
92-->[androidx.profileinstaller:profileinstaller:1.3.1] AndroidManifest.xml:38:13-36
93            android:permission="android.permission.DUMP" >
93-->[androidx.profileinstaller:profileinstaller:1.3.1] AndroidManifest.xml:39:13-57
94            <intent-filter>
94-->[androidx.profileinstaller:profileinstaller:1.3.1] AndroidManifest.xml:40:13-42:29
95                <action android:name="androidx.profileinstaller.action.INSTALL_PROFILE" />
95-->[androidx.profileinstaller:profileinstaller:1.3.1] AndroidManifest.xml:41:17-91
95-->[androidx.profileinstaller:profileinstaller:1.3.1] AndroidManifest.xml:41:25-88
96            </intent-filter>
97            <intent-filter>
97-->[androidx.profileinstaller:profileinstaller:1.3.1] AndroidManifest.xml:43:13-45:29
98                <action android:name="androidx.profileinstaller.action.SKIP_FILE" />
98-->[androidx.profileinstaller:profileinstaller:1.3.1] AndroidManifest.xml:44:17-85
98-->[androidx.profileinstaller:profileinstaller:1.3.1] AndroidManifest.xml:44:25-82
99            </intent-filter>
100            <intent-filter>
100-->[androidx.profileinstaller:profileinstaller:1.3.1] AndroidManifest.xml:46:13-48:29
101                <action android:name="androidx.profileinstaller.action.SAVE_PROFILE" />
101-->[androidx.profileinstaller:profileinstaller:1.3.1] AndroidManifest.xml:47:17-88
101-->[androidx.profileinstaller:profileinstaller:1.3.1] AndroidManifest.xml:47:25-85
102            </intent-filter>
103            <intent-filter>
103-->[androidx.profileinstaller:profileinstaller:1.3.1] AndroidManifest.xml:49:13-51:29
104                <action android:name="androidx.profileinstaller.action.BENCHMARK_OPERATION" />
104-->[androidx.profileinstaller:profileinstaller:1.3.1] AndroidManifest.xml:50:17-95
104-->[androidx.profileinstaller:profileinstaller:1.3.1] AndroidManifest.xml:50:25-92
105            </intent-filter>
106        </receiver>
107    </application>
108
109</manifest>